<?xml version="1.0" encoding="UTF-8"?>
<!-- Generated by org.testng.reporters.JUnitReportReporter -->
<testsuite hostname="DESKTOP-2JLVABI" failures="0" tests="1" name="Framework_3.Nwpro.ErrorValidationTest" time="8.401" errors="0" timestamp="2022-09-30T16:51:06 IST" skipped="0">
  <testcase classname="Framework_3.Nwpro.ErrorValidationTest" name="Standalo" time="8.401"/>
  <system-out/>
</testsuite> <!-- Framework_3.Nwpro.ErrorValidationTest -->
