<?xml version="1.0" encoding="UTF-8"?>
<!-- Generated by org.testng.reporters.JUnitReportReporter -->
<testsuite hostname="DESKTOP-2JLVABI" failures="0" tests="3" name="Framework_3.Nwpro.Standalonetest3" time="73.035" errors="0" timestamp="2022-09-09T18:38:32 IST" skipped="0">
  <testcase classname="Framework_3.Nwpro.Standalonetest3" name="Standalo" time="24.438"/>
  <system-out/>
  <testcase classname="Framework_3.Nwpro.Standalonetest3" name="OrderTest" time="16.979"/>
  <system-out/>
  <testcase classname="Framework_3.Nwpro.Standalonetest3" name="Standalo" time="31.618"/>
  <system-out/>
</testsuite> <!-- Framework_3.Nwpro.Standalonetest3 -->
