<?xml version="1.0" encoding="UTF-8"?>
<!-- Generated by org.testng.reporters.JUnitReportReporter -->
<testsuite hostname="DESKTOP-2JLVABI" failures="0" tests="1" name="Framework_3.Nwpro.Standalonetest4" time="7.439" errors="0" timestamp="2022-09-07T14:44:56 IST" skipped="0">
  <testcase classname="Framework_3.Nwpro.Standalonetest4" name="Standalo" time="7.439"/>
  <system-out/>
</testsuite> <!-- Framework_3.Nwpro.Standalonetest4 -->
