<?xml version="1.0" encoding="UTF-8"?>
<!-- Generated by org.testng.reporters.JUnitReportReporter -->
<testsuite hostname="DESKTOP-2JLVABI" failures="0" tests="3" name="Framework_3.Nwpro.Standalonetest3" time="66.426" errors="0" timestamp="2022-10-03T13:15:17 IST" skipped="0">
  <testcase classname="Framework_3.Nwpro.Standalonetest3" name="Standalo" time="26.080"/>
  <system-out/>
  <testcase classname="Framework_3.Nwpro.Standalonetest3" name="Standalo" time="23.058"/>
  <system-out/>
  <testcase classname="Framework_3.Nwpro.Standalonetest3" name="OrderTest" time="17.288"/>
  <system-out/>
</testsuite> <!-- Framework_3.Nwpro.Standalonetest3 -->
